  LiquidFighters.cpp
g:\liquidfighters\liquidfighters\liquidfighters\bullet.hpp(40): warning C4018: '<': signed/unsigned mismatch
g:\liquidfighters\liquidfighters\liquidfighters\bullet.hpp(65): warning C4018: '<': signed/unsigned mismatch
g:\liquidfighters\liquidfighters\liquidfighters\bullet.hpp(101): warning C4018: '<': signed/unsigned mismatch
g:\liquidfighters\liquidfighters\liquidfighters\liquidfighters.cpp(13): warning C4005: '_WIN32_WINNT': macro redefinition
  c:\program files (x86)\windows kits\8.1\include\shared\sdkddkver.h(200): note: see previous definition of '_WIN32_WINNT'
g:\liquidfighters\liquidfighters\liquidfighters\liquidfighters.cpp(20): warning C4244: 'argument': conversion from 'int' to 'float', possible loss of data
g:\liquidfighters\liquidfighters\liquidfighters\liquidfighters.cpp(21): warning C4244: 'argument': conversion from 'int' to 'float', possible loss of data
g:\liquidfighters\liquidfighters\liquidfighters\liquidfighters.cpp(205): warning C4018: '<': signed/unsigned mismatch
LiquidFighters.obj : warning LNK4217: locally defined symbol ?asSeconds@Time@sf@@QBEMXZ (public: float __thiscall sf::Time::asSeconds(void)const ) imported in function _main
LiquidFighters.obj : warning LNK4217: locally defined symbol ??0Clock@sf@@QAE@XZ (public: __thiscall sf::Clock::Clock(void)) imported in function _main
LiquidFighters.obj : warning LNK4217: locally defined symbol ?restart@Clock@sf@@QAE?AVTime@2@XZ (public: class sf::Time __thiscall sf::Clock::restart(void)) imported in function _main
LiquidFighters.obj : warning LNK4217: locally defined symbol ??0String@sf@@QAE@PBDABVlocale@std@@@Z (public: __thiscall sf::String::String(char const *,class std::locale const &)) imported in function _main
LiquidFighters.obj : warning LNK4217: locally defined symbol ??1String@sf@@QAE@XZ (public: __thiscall sf::String::~String(void)) imported in function _main
LiquidFighters.obj : warning LNK4217: locally defined symbol ??0VideoMode@sf@@QAE@III@Z (public: __thiscall sf::VideoMode::VideoMode(unsigned int,unsigned int,unsigned int)) imported in function _main
LiquidFighters.obj : warning LNK4217: locally defined symbol ?close@Window@sf@@QAEXXZ (public: void __thiscall sf::Window::close(void)) imported in function _main
LiquidFighters.obj : warning LNK4217: locally defined symbol ?isOpen@Window@sf@@QBE_NXZ (public: bool __thiscall sf::Window::isOpen(void)const ) imported in function _main
LiquidFighters.obj : warning LNK4217: locally defined symbol ?pollEvent@Window@sf@@QAE_NAAVEvent@2@@Z (public: bool __thiscall sf::Window::pollEvent(class sf::Event &)) imported in function _main
LiquidFighters.obj : warning LNK4217: locally defined symbol ?setKeyRepeatEnabled@Window@sf@@QAEX_N@Z (public: void __thiscall sf::Window::setKeyRepeatEnabled(bool)) imported in function _main
LiquidFighters.obj : warning LNK4217: locally defined symbol ?display@Window@sf@@QAEXXZ (public: void __thiscall sf::Window::display(void)) imported in function _main
LiquidFighters.obj : warning LNK4217: locally defined symbol ?setPosition@Transformable@sf@@QAEXMM@Z (public: void __thiscall sf::Transformable::setPosition(float,float)) imported in function "public: __thiscall Player::Player(int,class sf::Sprite *)" (??0Player@@QAE@HPAVSprite@sf@@@Z)
Player.obj : warning LNK4049: locally defined symbol ?setPosition@Transformable@sf@@QAEXMM@Z (public: void __thiscall sf::Transformable::setPosition(float,float)) imported
LiquidFighters.obj : warning LNK4217: locally defined symbol ?scale@Transformable@sf@@QAEXMM@Z (public: void __thiscall sf::Transformable::scale(float,float)) imported in function "public: void __thiscall Player::ou(void)" (?ou@Player@@QAEXXZ)
Player.obj : warning LNK4049: locally defined symbol ?scale@Transformable@sf@@QAEXMM@Z (public: void __thiscall sf::Transformable::scale(float,float)) imported
LiquidFighters.obj : warning LNK4217: locally defined symbol ??0Color@sf@@QAE@EEEE@Z (public: __thiscall sf::Color::Color(unsigned char,unsigned char,unsigned char,unsigned char)) imported in function _main
LiquidFighters.obj : warning LNK4217: locally defined symbol ?getGlobalBounds@Shape@sf@@QBE?AV?$Rect@M@2@XZ (public: class sf::Rect<float> __thiscall sf::Shape::getGlobalBounds(void)const ) imported in function "public: bool __thiscall Bullet::checkCollision(class std::vector<class sf::RectangleShape,class std::allocator<class sf::RectangleShape> >,int)" (?checkCollision@Bullet@@QAE_NV?$vector@VRectangleShape@sf@@V?$allocator@VRectangleShape@sf@@@std@@@std@@H@Z)
Player.obj : warning LNK4049: locally defined symbol ?getGlobalBounds@Shape@sf@@QBE?AV?$Rect@M@2@XZ (public: class sf::Rect<float> __thiscall sf::Shape::getGlobalBounds(void)const ) imported
LiquidFighters.obj : warning LNK4217: locally defined symbol ??0Texture@sf@@QAE@XZ (public: __thiscall sf::Texture::Texture(void)) imported in function _main
LiquidFighters.obj : warning LNK4217: locally defined symbol ??1Texture@sf@@QAE@XZ (public: __thiscall sf::Texture::~Texture(void)) imported in function _main
LiquidFighters.obj : warning LNK4217: locally defined symbol ?loadFromFile@Texture@sf@@QAE_NABV?$basic_string@DU?$char_traits@D@std@@V?$allocator@D@2@@std@@ABV?$Rect@H@2@@Z (public: bool __thiscall sf::Texture::loadFromFile(class std::basic_string<char,struct std::char_traits<char>,class std::allocator<char> > const &,class sf::Rect<int> const &)) imported in function _main
LiquidFighters.obj : warning LNK4217: locally defined symbol ??0RectangleShape@sf@@QAE@ABV?$Vector2@M@1@@Z (public: __thiscall sf::RectangleShape::RectangleShape(class sf::Vector2<float> const &)) imported in function "class sf::RectangleShape __cdecl createRect(int,int,int,int)" (?createRect@@YA?AVRectangleShape@sf@@HHHH@Z)
Player.obj : warning LNK4049: locally defined symbol ??0RectangleShape@sf@@QAE@ABV?$Vector2@M@1@@Z (public: __thiscall sf::RectangleShape::RectangleShape(class sf::Vector2<float> const &)) imported
LiquidFighters.obj : warning LNK4217: locally defined symbol ??1RectangleShape@sf@@UAE@XZ (public: virtual __thiscall sf::RectangleShape::~RectangleShape(void)) imported in function "public: virtual void * __thiscall sf::RectangleShape::`scalar deleting destructor'(unsigned int)" (??_GRectangleShape@sf@@UAEPAXI@Z)
Player.obj : warning LNK4049: locally defined symbol ??1RectangleShape@sf@@UAE@XZ (public: virtual __thiscall sf::RectangleShape::~RectangleShape(void)) imported
LiquidFighters.obj : warning LNK4217: locally defined symbol ?clear@RenderTarget@sf@@QAEXABVColor@2@@Z (public: void __thiscall sf::RenderTarget::clear(class sf::Color const &)) imported in function _main
LiquidFighters.obj : warning LNK4217: locally defined symbol ?draw@RenderTarget@sf@@QAEXABVDrawable@2@ABVRenderStates@2@@Z (public: void __thiscall sf::RenderTarget::draw(class sf::Drawable const &,class sf::RenderStates const &)) imported in function "public: void __thiscall Bullet::draw(class sf::RenderWindow *)" (?draw@Bullet@@QAEXPAVRenderWindow@sf@@@Z)
LiquidFighters.obj : error LNK2019: unresolved external symbol "__declspec(dllimport) public: __thiscall sf::RectangleShape::RectangleShape(class sf::RectangleShape const &)" (__imp_??0RectangleShape@sf@@QAE@ABV01@@Z) referenced in function "public: void __thiscall std::allocator<class sf::RectangleShape>::construct<class sf::RectangleShape,class sf::RectangleShape const &>(class sf::RectangleShape *,class sf::RectangleShape const &)" (??$construct@VRectangleShape@sf@@ABV12@@?$allocator@VRectangleShape@sf@@@std@@QAEXPAVRectangleShape@sf@@ABV23@@Z)
Player.obj : error LNK2001: unresolved external symbol "__declspec(dllimport) public: __thiscall sf::RectangleShape::RectangleShape(class sf::RectangleShape const &)" (__imp_??0RectangleShape@sf@@QAE@ABV01@@Z)
LiquidFighters.obj : error LNK2019: unresolved external symbol "__declspec(dllimport) public: __thiscall sf::RectangleShape::RectangleShape(class sf::RectangleShape &&)" (__imp_??0RectangleShape@sf@@QAE@$$QAV01@@Z) referenced in function "public: void __thiscall std::allocator<class sf::RectangleShape>::construct<class sf::RectangleShape,class sf::RectangleShape>(class sf::RectangleShape *,class sf::RectangleShape &&)" (??$construct@VRectangleShape@sf@@V12@@?$allocator@VRectangleShape@sf@@@std@@QAEXPAVRectangleShape@sf@@$$QAV23@@Z)
LiquidFighters.obj : error LNK2019: unresolved external symbol "__declspec(dllimport) public: __thiscall sf::RenderWindow::RenderWindow(class sf::VideoMode,class sf::String const &,unsigned int,struct sf::ContextSettings const &)" (__imp_??0RenderWindow@sf@@QAE@VVideoMode@1@ABVString@1@IABUContextSettings@1@@Z) referenced in function _main
LiquidFighters.obj : error LNK2019: unresolved external symbol "__declspec(dllimport) public: virtual __thiscall sf::RenderWindow::~RenderWindow(void)" (__imp_??1RenderWindow@sf@@UAE@XZ) referenced in function _main
LiquidFighters.obj : error LNK2019: unresolved external symbol "__declspec(dllimport) public: __thiscall sf::Sprite::Sprite(void)" (__imp_??0Sprite@sf@@QAE@XZ) referenced in function "public: __thiscall Bullet::s_ball::s_ball(void)" (??0s_ball@Bullet@@QAE@XZ)
LiquidFighters.obj : error LNK2019: unresolved external symbol "__declspec(dllimport) public: void __thiscall sf::Sprite::setTexture(class sf::Texture const &,bool)" (__imp_?setTexture@Sprite@sf@@QAEXABVTexture@2@_N@Z) referenced in function "public: void __thiscall Bullet::add(int,class Player,class sf::Texture *)" (?add@Bullet@@QAEXHVPlayer@@PAVTexture@sf@@@Z)
LiquidFighters.obj : error LNK2019: unresolved external symbol "__declspec(dllimport) public: class sf::Rect<float> __thiscall sf::Sprite::getGlobalBounds(void)const " (__imp_?getGlobalBounds@Sprite@sf@@QBE?AV?$Rect@M@2@XZ) referenced in function "public: bool __thiscall Bullet::checkCollision(class std::vector<class sf::RectangleShape,class std::allocator<class sf::RectangleShape> >,int)" (?checkCollision@Bullet@@QAE_NV?$vector@VRectangleShape@sf@@V?$allocator@VRectangleShape@sf@@@std@@@std@@H@Z)
Player.obj : error LNK2001: unresolved external symbol "__declspec(dllimport) public: class sf::Rect<float> __thiscall sf::Sprite::getGlobalBounds(void)const " (__imp_?getGlobalBounds@Sprite@sf@@QBE?AV?$Rect@M@2@XZ)
LiquidFighters.obj : error LNK2019: unresolved external symbol "__declspec(dllimport) public: virtual __thiscall sf::Sprite::~Sprite(void)" (__imp_??1Sprite@sf@@UAE@XZ) referenced in function "public: __thiscall Bullet::s_ball::~s_ball(void)" (??1s_ball@Bullet@@QAE@XZ)
LiquidFighters.obj : error LNK2019: unresolved external symbol "__declspec(dllimport) public: __thiscall sf::Sprite::Sprite(class sf::Sprite const &)" (__imp_??0Sprite@sf@@QAE@ABV01@@Z) referenced in function "public: __thiscall Bullet::s_ball::s_ball(struct Bullet::s_ball const &)" (??0s_ball@Bullet@@QAE@ABU01@@Z)
LiquidFighters.obj : error LNK2019: unresolved external symbol "__declspec(dllimport) public: __thiscall sf::Sprite::Sprite(class sf::Sprite &&)" (__imp_??0Sprite@sf@@QAE@$$QAV01@@Z) referenced in function "public: __thiscall Bullet::s_ball::s_ball(struct Bullet::s_ball &&)" (??0s_ball@Bullet@@QAE@$$QAU01@@Z)
LiquidFighters.obj : error LNK2019: unresolved external symbol "__declspec(dllimport) public: class sf::Sprite & __thiscall sf::Sprite::operator=(class sf::Sprite &&)" (__imp_??4Sprite@sf@@QAEAAV01@$$QAV01@@Z) referenced in function "public: struct Bullet::s_ball & __thiscall Bullet::s_ball::operator=(struct Bullet::s_ball &&)" (??4s_ball@Bullet@@QAEAAU01@$$QAU01@@Z)
LiquidFighters.obj : error LNK2001: unresolved external symbol "__declspec(dllimport) public: static class sf::RenderStates const sf::RenderStates::Default" (__imp_?Default@RenderStates@sf@@2V12@B)
G:\LiquidFighters\LiquidFighters\Debug\LiquidFighters.exe : fatal error LNK1120: 12 unresolved externals
